

*******************************************************************************
Mon Apr 13 14:30:18 2026


FIT:    data read from "non_dsc_shutter_rgb_new.csv" using (log10(column("Shutter Seconds"))):(log10(column("convert_Luminance")))
        format = x:z
        #datapoints = 11
        residuals are weighted equally (unit weight)

function used for fitting: f(x)
	f(x) = a*x + b
fitted parameters initialized with current variable values

iter      chisq       delta/lim  lambda   a             b            
   0 9.0802673756e+01   0.00e+00  1.44e+00    1.000000e+00   1.000000e+00
   4 1.3096030946e-02  -1.23e-05  1.44e-04    1.083418e+00   3.996426e+00

After 4 iterations the fit converged.
final sum of squares of residuals : 0.013096
rel. change during last iteration : -1.23418e-10

degrees of freedom    (FIT_NDF)                        : 9
rms of residuals      (FIT_STDFIT) = sqrt(WSSR/ndf)    : 0.038146
variance of residuals (reduced chisquare) = WSSR/ndf   : 0.00145511

Final set of parameters            Asymptotic Standard Error
=======================            ==========================
a               = 1.08342          +/- 0.01213      (1.12%)
b               = 3.99643          +/- 0.02147      (0.5371%)

correlation matrix of the fit parameters:
                a      b      
a               1.000 
b               0.844  1.000 


*******************************************************************************
Mon Apr 13 14:31:46 2026


FIT:    data read from "non_dsc_shutter_rgb_new.csv" using (log10(column("Shutter Seconds"))):(log10(column("convert_Luminance")))
        format = x:z
        #datapoints = 11
        residuals are weighted equally (unit weight)

function used for fitting: f(x)
	f(x) = a*x + b
fitted parameters initialized with current variable values

iter      chisq       delta/lim  lambda   a             b            
   0 1.3096030946e-02   0.00e+00  3.13e+00    1.083418e+00   3.996426e+00
   1 1.3096030946e-02  -3.18e-10  3.13e-01    1.083418e+00   3.996426e+00

After 1 iterations the fit converged.
final sum of squares of residuals : 0.013096
rel. change during last iteration : -3.17908e-15

degrees of freedom    (FIT_NDF)                        : 9
rms of residuals      (FIT_STDFIT) = sqrt(WSSR/ndf)    : 0.038146
variance of residuals (reduced chisquare) = WSSR/ndf   : 0.00145511

Final set of parameters            Asymptotic Standard Error
=======================            ==========================
a               = 1.08342          +/- 0.01213      (1.12%)
b               = 3.99643          +/- 0.02147      (0.5371%)

correlation matrix of the fit parameters:
                a      b      
a               1.000 
b               0.844  1.000 


*******************************************************************************
Mon Apr 13 14:37:56 2026


FIT:    data read from "non_dsc_shutter_rgb_new.csv" using (log10(column("Shutter Seconds"))):(log10(column("convert_Luminance")))
        format = x:z
        #datapoints = 11
        residuals are weighted equally (unit weight)

function used for fitting: f(x)
	f(x) = a*x + b
fitted parameters initialized with current variable values

iter      chisq       delta/lim  lambda   a             b            
   0 1.3096030946e-02   0.00e+00  3.13e+00    1.083418e+00   3.996426e+00
   1 1.3096030946e-02  -5.70e-10  3.13e-01    1.083418e+00   3.996426e+00

After 1 iterations the fit converged.
final sum of squares of residuals : 0.013096
rel. change during last iteration : -5.69586e-15

degrees of freedom    (FIT_NDF)                        : 9
rms of residuals      (FIT_STDFIT) = sqrt(WSSR/ndf)    : 0.038146
variance of residuals (reduced chisquare) = WSSR/ndf   : 0.00145511

Final set of parameters            Asymptotic Standard Error
=======================            ==========================
a               = 1.08342          +/- 0.01213      (1.12%)
b               = 3.99643          +/- 0.02147      (0.5371%)

correlation matrix of the fit parameters:
                a      b      
a               1.000 
b               0.844  1.000 


*******************************************************************************
Mon Apr 13 14:40:11 2026


FIT:    data read from "non_dsc_shutter_rgb_new.csv" using (log10(column("Shutter Seconds"))):(log10(column("convert_Luminance")))
        format = x:z
        #datapoints = 11
        residuals are weighted equally (unit weight)

function used for fitting: f(x)
	f(x) = a*x + b
fitted parameters initialized with current variable values

iter      chisq       delta/lim  lambda   a             b            
   0 1.3096030946e-02   0.00e+00  3.13e+00    1.083418e+00   3.996426e+00
   1 1.3096030946e-02   0.00e+00  3.13e+01    1.083418e+00   3.996426e+00

After 1 iterations the fit converged.
final sum of squares of residuals : 0.013096
rel. change during last iteration : 0

degrees of freedom    (FIT_NDF)                        : 9
rms of residuals      (FIT_STDFIT) = sqrt(WSSR/ndf)    : 0.038146
variance of residuals (reduced chisquare) = WSSR/ndf   : 0.00145511

Final set of parameters            Asymptotic Standard Error
=======================            ==========================
a               = 1.08342          +/- 0.01213      (1.12%)
b               = 3.99643          +/- 0.02147      (0.5371%)

correlation matrix of the fit parameters:
                a      b      
a               1.000 
b               0.844  1.000 


*******************************************************************************
Mon Apr 13 14:42:45 2026


FIT:    data read from "non_dsc_shutter_rgb_new.csv" using (log10(column("Shutter Seconds"))):(log10(column("convert_Luminance")))
        format = x:z
        #datapoints = 11
        residuals are weighted equally (unit weight)

function used for fitting: f(x)
	f(x) = a*x + b
fitted parameters initialized with current variable values

iter      chisq       delta/lim  lambda   a             b            
   0 1.3096030946e-02   0.00e+00  3.13e+00    1.083418e+00   3.996426e+00
   1 1.3096030946e-02   0.00e+00  3.13e+01    1.083418e+00   3.996426e+00

After 1 iterations the fit converged.
final sum of squares of residuals : 0.013096
rel. change during last iteration : 0

degrees of freedom    (FIT_NDF)                        : 9
rms of residuals      (FIT_STDFIT) = sqrt(WSSR/ndf)    : 0.038146
variance of residuals (reduced chisquare) = WSSR/ndf   : 0.00145511

Final set of parameters            Asymptotic Standard Error
=======================            ==========================
a               = 1.08342          +/- 0.01213      (1.12%)
b               = 3.99643          +/- 0.02147      (0.5371%)

correlation matrix of the fit parameters:
                a      b      
a               1.000 
b               0.844  1.000 


*******************************************************************************
Mon Apr 13 14:43:29 2026


FIT:    data read from "non_dsc_shutter_rgb_new.csv" using (log10(column("Shutter Seconds"))):(log10(column("convert_Luminance")))
        format = x:z
        #datapoints = 11
        residuals are weighted equally (unit weight)

function used for fitting: f(x)
	f(x) = a*x + b
fitted parameters initialized with current variable values

iter      chisq       delta/lim  lambda   a             b            
   0 1.3096030946e-02   0.00e+00  3.13e+00    1.083418e+00   3.996426e+00
   1 1.3096030946e-02   0.00e+00  3.13e+01    1.083418e+00   3.996426e+00

After 1 iterations the fit converged.
final sum of squares of residuals : 0.013096
rel. change during last iteration : 0

degrees of freedom    (FIT_NDF)                        : 9
rms of residuals      (FIT_STDFIT) = sqrt(WSSR/ndf)    : 0.038146
variance of residuals (reduced chisquare) = WSSR/ndf   : 0.00145511

Final set of parameters            Asymptotic Standard Error
=======================            ==========================
a               = 1.08342          +/- 0.01213      (1.12%)
b               = 3.99643          +/- 0.02147      (0.5371%)

correlation matrix of the fit parameters:
                a      b      
a               1.000 
b               0.844  1.000 
